<?xml version="1.0" encoding="UTF-8"?>
<!-- Generated by org.testng.reporters.JUnitReportReporter -->
<testsuite hostname="DESKTOP-2AGPKSV" failures="0" tests="2" name="com.tests.PandaTests" time="18.315" errors="0" timestamp="08 Oct 2023 12:43:06 GMT" skipped="0">
  <testcase classname="com.tests.PandaTests" name="validateLogin" time="13.954"/>
  <testcase classname="com.tests.PandaTests" name="verifysentMeesage" time="4.361"/>
</testsuite> <!-- com.tests.PandaTests -->
