<?xml version="1.0" encoding="UTF-8"?>
<!-- Generated by org.testng.reporters.JUnitReportReporter -->
<testsuite hostname="DESKTOP-2AGPKSV" failures="0" tests="2" name="com.tests.FlipkartTests" time="29.770" errors="0" timestamp="08 Oct 2023 14:03:06 GMT" skipped="0">
  <testcase classname="com.tests.FlipkartTests" name="searchIphone" time="24.384"/>
  <testcase classname="com.tests.FlipkartTests" name="verifyFirstResult" time="5.386"/>
</testsuite> <!-- com.tests.FlipkartTests -->
